proguard.cfg
##---------------Begin: proguard configuration common for all Android apps ----------
-optimizationpasses 5
-dontusemixedcaseclassnames
-dontskipnonpubliclibraryclasses
-dontskipnonpubliclibraryclassmembers
-dontpreverify
#忽略编译警告
-ignorewarnings
-verbose
#记录生成的日志数据，在proguard目录下
-dump class_files.txt
-printseeds seeds.txt
-printusage unused.txt
-printmapping mapping.txt
-optimizations !code/simplification/arithmetic,!field/*,!class/merging/*
-keepattributes *Annotation*
-renamesourcefileattribute SourceFile
-keepattributes SourceFile,LineNumberTable

# 以下两个命令配合可以删除类路径
-allowaccessmodification
-repackageclasses ''


-keep public class * extends android.app.Activity
-keep public class * extends android.app.Application
-keep public class * extends android.app.Service
-keep public class * extends android.content.BroadcastReceiver
-keep public class * extends android.content.ContentProvider
-keep public class * extends android.app.backup.BackupAgentHelper
-keep public class * extends android.preference.Preference
-keep public class com.android.vending.licensing.ILicensingService
-dontnote com.android.vending.licensing.ILicensingService


# Explicitly preserve all serialization members. The Serializable interface
# is only a marker interface, so it wouldn't save them.
-keepclassmembers class * implements java.io.Serializable {
    static final long serialVersionUID;
    private static final java.io.ObjectStreamField[] serialPersistentFields;
    private void writeObject(java.io.ObjectOutputStream);
    private void readObject(java.io.ObjectInputStream);
    java.lang.Object writeReplace();
    java.lang.Object readResolve();
}


# Preserve all native method names and the names of their classes.
-keepclasseswithmembernames class * {
    native <methods>;
}


#对所有类的指定方法的方法名不进行混淆
-keepclasseswithmembernames class * {
    public <init>(android.content.Context, android.util.AttributeSet);
}


-keepclasseswithmembernames class * {
    public <init>(android.content.Context, android.util.AttributeSet, int);
}


# Preserve static fields of inner classes of R classes that might be accessed
# through introspection.
-keepclassmembers class **.R$* {
  public static <fields>;
}


# Preserve the special static methods that are required in all enumeration classes.
-keepclassmembers enum * {
    public static **[] values();
    public static ** valueOf(java.lang.String);
}


# aidl文件不能去混淆
#对实现了Parcelable接口的所有类的类名不进行混淆，对其成员变量为Parcelable$Creator类型的成员变量的变量名不进行混淆
-keep class * implements android.os.Parcelable {
  public static final android.os.Parcelable$Creator *;
}

# 如果工程对外提供方法调用就打开 
#-keep public class * {
#    public protected *;
#}


#保证自定义控件类和类成员不被混淆
-keep public class com.miri.launcher.player.CustomVideoView {*;}

#-keep class com.miri.launcher.view.**{*;}
-keep public class com.miri.launcher.view.CustomBtnView {*;}
-keep public class com.miri.launcher.view.CustomClock {*;}
-keep public class com.miri.launcher.view.CustomTextView {*;}
-keep public class com.miri.launcher.view.DlmListView {*;}
-keep public class com.miri.launcher.view.IconView {*;}
-keep public class com.miri.launcher.view.OptionButton {*;}
-keep public class com.miri.launcher.view.PagerPosterView {*;}
-keep public class com.miri.launcher.view.PosterView {*;}
-keep public class com.miri.launcher.view.SimpleClock {*;}
-keep public class com.miri.launcher.view.SwitchButton {*;}
-keep public class com.miri.launcher.view.TabPageIndicator {*;}
-keep public class com.miri.launcher.view.TabPageView {*;}




# The support library contains references to newer platform versions.
# Don't warn about those in case this app is linking against an older
# platform version.  We know about them, and they are safe.
-keep class android.support.v4.**{*;}
-keep class com.sun.mail.**{*;}
-keep class javax.mail.**{*;}
-keep class com.sun.activation.**{*;}
-keep class javax.activation.**{*;}
-keep class myjava.awt.**{*;} 
-keep class org.apache.**{*;}


##---------------End: proguard configuration common for all Android apps ----------



##---------------Begin: proguard configuration for Gson  ----------
# Gson uses generic type information stored in a class file when working with fields. Proguard
# removes such information by default, so configure it to keep all of it.
-keepattributes Signature

# For using GSON @Expose annotation
-keepattributes *Annotation

# Gson specific classes
-keep class sun.misc.Unsafe { *; }
#-keep class com.google.gson.stream.** { *; }


# Application model classes that will be serialized/deserialized over Gson
-keep class com.miri.launcher.msg.model.**{*;}
-keep class com.miri.launcher.moretv.model.**{*;}
-keep public class com.miri.launcher.weather.WeatherDocument{*;}
-keep public class com.miri.launcher.weather.WeatherInfo{*;}


##---------------End: proguard configuration for Gson  ----------