proguard/seeds.txt
com.miri.launcher.Init$State: com.miri.launcher.Init$State[] values()
com.miri.launcher.Init$State: com.miri.launcher.Init$State valueOf(java.lang.String)
com.miri.launcher.LauncherApplication
com.miri.launcher.LauncherApplication: LauncherApplication()
com.miri.launcher.R$anim: int alpha_in
com.miri.launcher.R$anim: int alphat_out
com.miri.launcher.R$anim: int push_down_in
com.miri.launcher.R$anim: int push_down_out
com.miri.launcher.R$anim: int push_left_in
com.miri.launcher.R$anim: int push_left_out
com.miri.launcher.R$anim: int push_right_in
com.miri.launcher.R$anim: int push_right_out
com.miri.launcher.R$anim: int push_up_in
com.miri.launcher.R$anim: int push_up_out
com.miri.launcher.R$array: int wifi_detail_status
com.miri.launcher.R$array: int wifi_level
com.miri.launcher.R$array: int wifi_security
com.miri.launcher.R$array: int wifi_status
com.miri.launcher.R$array: int wifi_supplicant_status
com.miri.launcher.R$attr: int background
com.miri.launcher.R$attr: int btn_background
com.miri.launcher.R$attr: int btn_icon
com.miri.launcher.R$attr: int btn_src
com.miri.launcher.R$attr: int btn_text
com.miri.launcher.R$attr: int btn_title
com.miri.launcher.R$attr: int className
com.miri.launcher.R$attr: int foreground
com.miri.launcher.R$attr: int icon
com.miri.launcher.R$attr: int innerShadowColor
com.miri.launcher.R$attr: int innerShadowDx
com.miri.launcher.R$attr: int innerShadowDy
com.miri.launcher.R$attr: int innerShadowRadius
com.miri.launcher.R$attr: int outerShadowColor
com.miri.launcher.R$attr: int outerShadowDx
com.miri.launcher.R$attr: int outerShadowDy
com.miri.launcher.R$attr: int outerShadowRadius
com.miri.launcher.R$attr: int packageName
com.miri.launcher.R$attr: int poster
com.miri.launcher.R$attr: int poster_title
com.miri.launcher.R$attr: int src
com.miri.launcher.R$attr: int state_encrypted
com.miri.launcher.R$attr: int strokeColor
com.miri.launcher.R$attr: int strokeJoinStyle
com.miri.launcher.R$attr: int strokeMiter
com.miri.launcher.R$attr: int strokeWidth
com.miri.launcher.R$attr: int text
com.miri.launcher.R$attr: int textBackground
com.miri.launcher.R$attr: int title
com.miri.launcher.R$attr: int title_centered
com.miri.launcher.R$attr: int typeface
com.miri.launcher.R$attr: int uri
com.miri.launcher.R$attr: int url
com.miri.launcher.R$color: int down_tab_text_selected
com.miri.launcher.R$color: int down_tab_text_unselected
com.miri.launcher.R$color: int movie_name_selected
com.miri.launcher.R$color: int movie_name_unselected
com.miri.launcher.R$color: int option_btn_selected
com.miri.launcher.R$color: int option_btn_showdow
com.miri.launcher.R$color: int switch_frame
com.miri.launcher.R$color: int tab_showdow_color
com.miri.launcher.R$color: int tab_text_selected
com.miri.launcher.R$color: int tab_text_unselected
com.miri.launcher.R$dimen: int toast_padding_left
com.miri.launcher.R$dimen: int toast_y_offset
...
android.support.v4.widget.SimpleCursorAdapter$ViewBinder
android.support.v4.widget.SimpleCursorAdapter$ViewBinder: boolean setViewValue(android.view.View,android.database.Cursor,int)
com.google.gson.FieldNamingPolicy: com.google.gson.FieldNamingPolicy[] values()
com.google.gson.FieldNamingPolicy: com.google.gson.FieldNamingPolicy valueOf(java.lang.String)
com.google.gson.JsonIOException: long serialVersionUID
com.google.gson.JsonParseException: long serialVersionUID
com.google.gson.JsonSyntaxException: long serialVersionUID
com.google.gson.LongSerializationPolicy: com.google.gson.LongSerializationPolicy[] values()
com.google.gson.LongSerializationPolicy: com.google.gson.LongSerializationPolicy valueOf(java.lang.String)
com.google.gson.internal.$Gson$Types$GenericArrayTypeImpl: long serialVersionUID
com.google.gson.internal.$Gson$Types$ParameterizedTypeImpl: long serialVersionUID
com.google.gson.internal.$Gson$Types$WildcardTypeImpl: long serialVersionUID
com.google.gson.stream.JsonScope: com.google.gson.stream.JsonScope[] values()
com.google.gson.stream.JsonScope: com.google.gson.stream.JsonScope valueOf(java.lang.String)
com.google.gson.stream.JsonToken: com.google.gson.stream.JsonToken[] values()
com.google.gson.stream.JsonToken: com.google.gson.stream.JsonToken valueOf(java.lang.String)
com.google.gson.stream.MalformedJsonException: long serialVersionUID
com.sun.activation.registries.LineTokenizer
com.sun.activation.registries.LineTokenizer: int currentPosition
com.sun.activation.registries.LineTokenizer: int maxPosition
com.sun.activation.registries.LineTokenizer: java.lang.String str
com.sun.activation.registries.LineTokenizer: java.util.Vector stack
com.sun.activation.registries.LineTokenizer: java.lang.String singles
com.sun.activation.registries.LineTokenizer: LineTokenizer(java.lang.String)
com.sun.activation.registries.LineTokenizer: void skipWhiteSpace()
com.sun.activation.registries.LineTokenizer: boolean hasMoreTokens()
com.sun.activation.registries.LineTokenizer: java.lang.String nextToken()
com.sun.activation.registries.LineTokenizer: void pushToken(java.lang.String)
com.sun.activation.registries.LogSupport
com.sun.activation.registries.LogSupport: boolean debug
com.sun.activation.registries.LogSupport: java.util.logging.Logger logger
com.sun.activation.registries.LogSupport: java.util.logging.Level level
com.sun.activation.registries.LogSupport: void <clinit>()
com.sun.activation.registries.LogSupport: LogSupport()
com.sun.activation.registries.LogSupport: void log(java.lang.String)
com.sun.activation.registries.LogSupport: void log(java.lang.String,java.lang.Throwable)
com.sun.activation.registries.LogSupport: boolean isLoggable()