proguard/mapping.txt
com.miri.launcher.Init -> el:
    com.miri.launcher.Init$State initState -> a
    35:54:void initMsg() -> a
    57:57:com.miri.launcher.Init$State getInitState() -> b
com.miri.launcher.Init$State -> em:
    com.miri.launcher.Init$State PENDING -> a
    com.miri.launcher.Init$State RUNNING -> b
    com.miri.launcher.Init$State SUCCESS -> c
    com.miri.launcher.Init$State FAILURE -> d
    com.miri.launcher.Init$State[] ENUM$VALUES -> e
    1:1:com.miri.launcher.Init$State[] values() -> values
    1:1:com.miri.launcher.Init$State valueOf(java.lang.String) -> valueOf
com.miri.launcher.LauncherApplication -> com.miri.launcher.LauncherApplication:
    com.miri.launcher.LauncherApplication instance -> a
    com.miri.launcher.receiver.LauncherModel mModel -> b
    android.database.ContentObserver mFavoritesObserver -> c
    21:21:com.miri.launcher.LauncherApplication getInstance() -> a
    26:57:void onCreate() -> onCreate
    61:64:void onLowMemory() -> onLowMemory
    68:75:void onTerminate() -> onTerminate
com.miri.launcher.LauncherApplication$1 -> en:
    com.miri.launcher.LauncherApplication this$0 -> a
    85:85:void onChange(boolean) -> onChange
com.miri.launcher.MoretvData -> eo:
    com.miri.launcher.moretv.model.LoginInfo sLoginInfo -> a
    com.miri.launcher.moretv.model.doc.RecommendDocument sRecommendDocument -> b
com.miri.launcher.MsgConstants -> ep:
com.miri.launcher.PersistData -> eq:
    int VERSION_TYPE -> a
    com.miri.launcher.msg.model.doc.AdvertList mAdvertList -> b
    com.miri.launcher.msg.model.doc.AppRecommend mAppRecommend -> c
    32:39:java.lang.String getUpgradeUrl() -> a
    47:54:java.lang.String getAppRecommendUrl() -> b
    62:69:java.lang.String getAdvertUrl() -> c
    74:80:java.lang.String getCacheAppRecomName() -> d
    85:91:java.lang.String getCacheAdvertName() -> e
com.miri.launcher.R -> er:
com.miri.launcher.R$styleable -> es:
    int[] CustomTextView -> CustomTextView
    int CustomTextView_foreground -> CustomTextView_foreground
    int CustomTextView_innerShadowColor -> CustomTextView_innerShadowColor
    int CustomTextView_innerShadowDx -> CustomTextView_innerShadowDx
    int CustomTextView_innerShadowDy -> CustomTextView_innerShadowDy
    int CustomTextView_innerShadowRadius -> CustomTextView_innerShadowRadius
    int CustomTextView_outerShadowColor -> CustomTextView_outerShadowColor
    int CustomTextView_outerShadowDx -> CustomTextView_outerShadowDx
    int CustomTextView_outerShadowDy -> CustomTextView_outerShadowDy
    int CustomTextView_outerShadowRadius -> CustomTextView_outerShadowRadius
    int CustomTextView_strokeColor -> CustomTextView_strokeColor
    int CustomTextView_strokeJoinStyle -> CustomTextView_strokeJoinStyle
    int CustomTextView_strokeMiter -> CustomTextView_strokeMiter
    int CustomTextView_strokeWidth -> CustomTextView_strokeWidth
    int CustomTextView_textBackground -> CustomTextView_textBackground
    int CustomTextView_typeface -> CustomTextView_typeface
    int[] Favorite -> Favorite
    int Favorite_className -> Favorite_className
    int Favorite_icon -> Favorite_icon
    int Favorite_packageName -> Favorite_packageName
    int Favorite_title -> Favorite_title
    int Favorite_uri -> Favorite_uri
    int Favorite_url -> Favorite_url
    int[] WifiEncryptionState -> WifiEncryptionState
com.miri.launcher.activity.AboutActivity -> com.miri.launcher.activity.AboutActivity:
    android.widget.TextView mVersionFlagText -> a
    android.widget.TextView mSoftwareNameTxt -> b
    android.widget.TextView mVersionNameTxt -> c
    29:45:void onCreate(android.os.Bundle) -> onCreate
    52:62:java.lang.String getLocalVersion(android.content.Context) -> a
...
android.support.v4.view.accessibility.AccessibilityNodeProviderCompat$AccessibilityNodeProviderJellyBeanImpl$1 -> android.support.v4.view.accessibility.AccessibilityNodeProviderCompat$AccessibilityNodeProviderJellyBeanImpl$1:
    android.support.v4.view.accessibility.AccessibilityNodeProviderCompat val$compat -> val$compat
    android.support.v4.view.accessibility.AccessibilityNodeProviderCompat$AccessibilityNodeProviderJellyBeanImpl this$0 -> this$0
    52:52:boolean performAction(int,int,android.os.Bundle) -> performAction
    58:66:java.util.List findAccessibilityNodeInfosByText(java.lang.String,int) -> findAccessibilityNodeInfosByText
    72:77:java.lang.Object createAccessibilityNodeInfo(int) -> createAccessibilityNodeInfo
android.support.v4.view.accessibility.AccessibilityNodeProviderCompat$AccessibilityNodeProviderStubImpl -> android.support.v4.view.accessibility.AccessibilityNodeProviderCompat$AccessibilityNodeProviderStubImpl:
    39:39:java.lang.Object newAccessibilityNodeProviderBridge(android.support.v4.view.accessibility.AccessibilityNodeProviderCompat) -> newAccessibilityNodeProviderBridge
android.support.v4.view.accessibility.AccessibilityNodeProviderCompatJellyBean -> android.support.v4.view.accessibility.AccessibilityNodeProviderCompatJellyBean:
    38:38:java.lang.Object newAccessibilityNodeProviderBridge(android.support.v4.view.accessibility.AccessibilityNodeProviderCompatJellyBean$AccessibilityNodeInfoBridge) -> newAccessibilityNodeProviderBridge
android.support.v4.view.accessibility.AccessibilityNodeProviderCompatJellyBean$1 -> android.support.v4.view.accessibility.AccessibilityNodeProviderCompatJellyBean$1:
    android.support.v4.view.accessibility.AccessibilityNodeProviderCompatJellyBean$AccessibilityNodeInfoBridge val$bridge -> val$bridge
    41:41:android.view.accessibility.AccessibilityNodeInfo createAccessibilityNodeInfo(int) -> createAccessibilityNodeInfo
    49:49:java.util.List findAccessibilityNodeInfosByText(java.lang.String,int) -> findAccessibilityNodeInfosByText
    55:55:boolean performAction(int,int,android.os.Bundle) -> performAction
android.support.v4.view.accessibility.AccessibilityNodeProviderCompatJellyBean$AccessibilityNodeInfoBridge -> android.support.v4.view.accessibility.AccessibilityNodeProviderCompatJellyBean$AccessibilityNodeInfoBridge:
    java.lang.Object createAccessibilityNodeInfo(int) -> createAccessibilityNodeInfo
    boolean performAction(int,int,android.os.Bundle) -> performAction
    java.util.List findAccessibilityNodeInfosByText(java.lang.String,int) -> findAccessibilityNodeInfosByText