proguard/usage.txt
com.miri.launcher.BuildConfig
com.miri.launcher.Constants
com.miri.launcher.Init:
    18:18:public Init()
com.miri.launcher.LauncherApplication:
    89:89:public com.miri.launcher.receiver.LauncherModel getModel()
com.miri.launcher.MoretvConstants
com.miri.launcher.MoretvData:
    12:12:public MoretvData()
com.miri.launcher.MsgConstants:
    public static final java.lang.String AUTHCODE
    public static final java.lang.String MSGTYPE_AUTH
    public static final java.lang.String MSGTYPE_LOGIN
    public static final java.lang.String MSGTYPE_HEART
    public static final java.lang.String MSGTYPE_SERVER
    public static final java.lang.String ADTYPE_URL
    public static final java.lang.String ADTYPE_VOD
    public static final java.lang.String ADTYPE_APK
    11:11:public MsgConstants()
com.miri.launcher.PersistData:
    public static final java.lang.String msg_url
    14:14:public PersistData()
com.miri.launcher.R:
    10:10:public R()
com.miri.launcher.R$anim
com.miri.launcher.R$array
com.miri.launcher.R$attr
com.miri.launcher.R$color
com.miri.launcher.R$dimen
com.miri.launcher.R$drawable
com.miri.launcher.R$id
com.miri.launcher.R$layout
com.miri.launcher.R$string
com.miri.launcher.R$style
com.miri.launcher.R$styleable:
    905:905:public R$styleable()
com.miri.launcher.activity.AppsActivity:
    private static final int UNINSTALL_REQUEST_CODE
    private static final int COLUMNS
    private static final int COLUMN_WIDTH
    private static final int MARGIN_RECOMM_HIDE
    private static final int MARGIN_RECOMM_SHOW
    private static final int HEIGHT_RECOMM_HIDE
    private static final int HEIGHT_RECOMM_SHOW
com.miri.launcher.activity.DownItemActivity$DLListAdapter$ViewHolder:
    public android.widget.TextView rate
com.miri.launcher.activity.DownloadManagerActivity:
    private static final java.lang.String DOWNLOAD_FINISH
    private static final java.lang.String DOWNLOADING
com.miri.launcher.activity.LauncherActivity:
    private static final int RETRY_LOGIN
com.miri.launcher.activity.MenuActivity:
    protected static final int TAB_MAX_NUMS
com.miri.launcher.activity.MovieListActivity:
    private static final int FETCH_MEDIA_SUCCESS
    private static final int FETCH_MEDIA_FAILD
com.miri.launcher.activity.PhotoViewerActivity:
    private static final float SCALE
    private static final int OPTION_SELECTOR_LEFT
    private static final int ORIENTATION_WIDTH
    private static final int ORIENTATION_HEIGHT
    private static final int NEXT_PHOTO
    private static final long NEXT_PHOTO_DELAY
    private static final int HIDE_CONTROL
    private static final long HIDE_CONTROL_DELAY
com.miri.launcher.activity.SearchResultActivity:
    private static final int SEARCH_SUCCESS
    private static final int SEARCH_FAILD
com.miri.launcher.activity.VideoPlayerActivity:
    private static final int OPTION_SELECTOR_LEFT
    private static final int SET_PROGRESS
    private static final int RESET_PROGRESS
    private static final long SET_PROGRESS_DELAY
    private static final int HIDE_CONTROL
    private static final long HIDE_CONTROL_DELAY
    private static final int SEEKEND
com.miri.launcher.adapter.FolderListAdapter
com.miri.launcher.adapter.FolderListAdapter$Entity
com.miri.launcher.adapter.PhotoListAdapter:
    private static final int THUMB_WIDTH
    private static final int THUMB_HEIGHT
com.miri.launcher.adapter.VideoListAdapter:
    private static final int THUMB_WIDTH
    private static final int THUMB_HEIGHT
...
android.annotation.SuppressLint
android.annotation.TargetApi
com.google.gson.DefaultDateTypeAdapter:
    53:54:DefaultDateTypeAdapter(int)
com.google.gson.FieldAttributes:
    53:53:public java.lang.Class getDeclaringClass()
    60:60:public java.lang.String getName()
    80:80:public java.lang.reflect.Type getDeclaredType()
    100:100:public java.lang.Class getDeclaredClass()
    111:111:public java.lang.annotation.Annotation getAnnotation(java.lang.Class)
    121:121:public java.util.Collection getAnnotations()
    135:135:public boolean hasModifier(int)
    146:146:java.lang.Object get(java.lang.Object)
    155:155:boolean isSynthetic()
com.google.gson.Gson:
    static final boolean DEFAULT_JSON_NON_EXECUTABLE
    private static final java.lang.String JSON_NON_EXECUTABLE_PREFIX
    415:418:public com.google.gson.JsonElement toJsonTree(java.lang.Object)
    438:440:public com.google.gson.JsonElement toJsonTree(java.lang.Object,java.lang.reflect.Type)
    499:504:public void toJson(java.lang.Object,java.lang.Appendable)
    792:793:public java.lang.Object fromJson(com.google.gson.JsonElement,java.lang.Class)
    816:819:public java.lang.Object fromJson(com.google.gson.JsonElement,java.lang.reflect.Type)
com.google.gson.Gson$2:
    132:132:public java.lang.Object deserialize(com.google.gson.JsonElement,java.lang.reflect.Type)
com.google.gson.Gson$3:
    138:138:public com.google.gson.JsonElement serialize(java.lang.Object)
    141:141:public com.google.gson.JsonElement serialize(java.lang.Object,java.lang.reflect.Type)
com.google.gson.GsonBuilder:
    121:122:public varargs com.google.gson.GsonBuilder excludeFieldsWithModifiers(int[])
    135:136:public com.google.gson.GsonBuilder generateNonExecutableJson()
    239:240:public com.google.gson.GsonBuilder enableComplexMapKeySerialization()
    250:251:public com.google.gson.GsonBuilder disableInnerClassSerialization()
    263:264:public com.google.gson.GsonBuilder setLongSerializationPolicy(com.google.gson.LongSerializationPolicy)
    276:277:public com.google.gson.GsonBuilder setFieldNamingPolicy(com.google.gson.FieldNamingPolicy)
    289:290:public com.google.gson.GsonBuilder setFieldNamingStrategy(com.google.gson.FieldNamingStrategy)
    304:307:public varargs com.google.gson.GsonBuilder setExclusionStrategies(com.google.gson.ExclusionStrategy[])
    323:324:public com.google.gson.GsonBuilder addSerializationExclusionStrategy(com.google.gson.ExclusionStrategy)
    351:352:public com.google.gson.GsonBuilder setPrettyPrinting()
    363:364:public com.google.gson.GsonBuilder disableHtmlEscaping()
    404:406:public com.google.gson.GsonBuilder setDateFormat(int)
    425:428:public com.google.gson.GsonBuilder setDateFormat(int,int)
    475:476:public com.google.gson.GsonBuilder registerTypeAdapterFactory(com.google.gson.TypeAdapterFactory)
    495:505:public com.google.gson.GsonBuilder registerTypeHierarchyAdapter(java.lang.Class,java.lang.Object)
    529:530:public com.google.gson.GsonBuilder serializeSpecialFloatingPointValues()
com.google.gson.JsonArray:
    61:62:public void addAll(com.google.gson.JsonArray)
    70:70:public int size()
    92:92:public com.google.gson.JsonElement get(int)
    154:157:public java.math.BigDecimal getAsBigDecimal()
    171:174:public java.math.BigInteger getAsBigInteger()
    187:190:public float getAsFloat()
    227:230:public byte getAsByte()
    235:238:public char getAsCharacter()
    251:254:public short getAsShort()
com.google.gson.JsonDeserializationContext:
    public abstract java.lang.Object deserialize(com.google.gson.JsonElement,java.lang.reflect.Type)
com.google.gson.JsonElement:
    130:133:public com.google.gson.JsonNull getAsJsonNull()
    211:211:public float getAsFloat()
    251:251:public byte getAsByte()
    265:265:public char getAsCharacter()
    279:279:public java.math.BigDecimal getAsBigDecimal()
    293:293:public java.math.BigInteger getAsBigInteger()
    306:306:public short getAsShort()